<?xml version="1.0" encoding="UTF-8"?>
<!-- Generated by org.testng.reporters.JUnitReportReporter -->
<testsuite hostname="LAPTOP-KNI8448D" failures="0" tests="2" name="testCases.TC001_AccountRegistrationTest" time="5.542" errors="0" timestamp="2025-02-18T14:24:32 IST" skipped="0">
  <testcase classname="testCases.TC001_AccountRegistrationTest" name="verify_account_registration" time="2.364"/>
  <testcase classname="testCases.TC001_AccountRegistrationTest" name="verify_account_registration" time="3.178"/>
</testsuite> <!-- testCases.TC001_AccountRegistrationTest -->
